2021/01/12 13:41:09 Attempt 1 of http call to http://10.0.0.7:16384/sendlogstoartifacts/info
2021/01/12 13:41:09 Attempt 1 of http call to http://10.0.0.7:16384/sendlogstoartifacts/status
[2021-01-12T13:41:11.508516] Entering context manager injector.
[context_manager_injector.py] Command line Options: Namespace(inject=['ProjectPythonPath:context_managers.ProjectPythonPath', 'RunHistory:context_managers.RunHistory', 'TrackUserError:context_managers.TrackUserError'], invocation=['train.py', '--n_estimators', '--min_samples_split', '1', '--min_samples_split', '2', '--n_estimators', '10'])
Script type = None
Starting the daemon thread to refresh tokens in background for process with pid = 106
Entering Run History Context Manager.
/azureml-envs/azureml_a1736710baabf05d37337a101fa8d6d1/lib/python3.6/site-packages/urllib3/util/retry.py:439: DeprecationWarning: Using 'method_whitelist' with Retry is deprecated and will be removed in v2.0. Use 'allowed_methods' instead
  DeprecationWarning,
[2021-01-12T13:41:17.922201] Current directory: /mnt/batch/tasks/shared/LS_root/jobs/quick-starts-ws-134457/azureml/hd_774dc581-0d14-40ab-adef-896a41dfe085_3/mounts/workspaceblobstore/azureml/HD_774dc581-0d14-40ab-adef-896a41dfe085_3
[2021-01-12T13:41:17.922378] Preparing to call script [train.py] with arguments:['--n_estimators', '--min_samples_split', '1', '--min_samples_split', '2', '--n_estimators', '10']
[2021-01-12T13:41:17.922517] After variable expansion, calling script [train.py] with arguments:['--n_estimators', '--min_samples_split', '1', '--min_samples_split', '2', '--n_estimators', '10']

usage: train.py [-h] [--n_estimators N_ESTIMATORS]
                [--min_samples_split MIN_SAMPLES_SPLIT]
train.py: error: argument --n_estimators: expected one argument
Starting the daemon thread to refresh tokens in background for process with pid = 106


[2021-01-12T13:41:18.325375] The experiment failed with exit code: 2. Finalizing run...
/azureml-envs/azureml_a1736710baabf05d37337a101fa8d6d1/lib/python3.6/site-packages/urllib3/util/retry.py:439: DeprecationWarning: Using 'method_whitelist' with Retry is deprecated and will be removed in v2.0. Use 'allowed_methods' instead
  DeprecationWarning,
Cleaning up all outstanding Run operations, waiting 900.0 seconds
1 items cleaning up...
Cleanup took 0.0590214729309082 seconds
Starting the daemon thread to refresh tokens in background for process with pid = 106
Traceback (most recent call last):
  File "/azureml-envs/azureml_a1736710baabf05d37337a101fa8d6d1/lib/python3.6/argparse.py", line 1762, in parse_known_args
    namespace, args = self._parse_known_args(args, namespace)
  File "/azureml-envs/azureml_a1736710baabf05d37337a101fa8d6d1/lib/python3.6/argparse.py", line 1968, in _parse_known_args
    start_index = consume_optional(start_index)
  File "/azureml-envs/azureml_a1736710baabf05d37337a101fa8d6d1/lib/python3.6/argparse.py", line 1898, in consume_optional
    arg_count = match_argument(action, selected_patterns)
  File "/azureml-envs/azureml_a1736710baabf05d37337a101fa8d6d1/lib/python3.6/argparse.py", line 2062, in _match_argument
    raise ArgumentError(action, msg)
argparse.ArgumentError: argument --n_estimators: expected one argument

During handling of the above exception, another exception occurred:

Traceback (most recent call last):
  File "train.py", line 83, in <module>
    main()
  File "train.py", line 44, in main
    args = parser.parse_args()
  File "/azureml-envs/azureml_a1736710baabf05d37337a101fa8d6d1/lib/python3.6/argparse.py", line 1730, in parse_args
    args, argv = self.parse_known_args(args, namespace)
  File "/azureml-envs/azureml_a1736710baabf05d37337a101fa8d6d1/lib/python3.6/argparse.py", line 1769, in parse_known_args
    self.error(str(err))
  File "/azureml-envs/azureml_a1736710baabf05d37337a101fa8d6d1/lib/python3.6/argparse.py", line 2389, in error
    self.exit(2, _('%(prog)s: error: %(message)s\n') % args)
  File "/azureml-envs/azureml_a1736710baabf05d37337a101fa8d6d1/lib/python3.6/argparse.py", line 2376, in exit
    _sys.exit(status)
SystemExit: 2

[2021-01-12T13:41:18.818247] Finished context manager injector with SystemExit exception.
2021/01/12 13:41:19 Failed to parse control script error: /mnt/batch/tasks/workitems/a632f68d-e6a9-4d0f-892c-05f5cdaad7e7/job-1/hd_774dc581-0d14-40a_0a978e0d-d71d-4335-8008-4b3af3dd4cc7/wd/runTaskLetTask_error.json to json File /mnt/batch/tasks/workitems/a632f68d-e6a9-4d0f-892c-05f5cdaad7e7/job-1/hd_774dc581-0d14-40a_0a978e0d-d71d-4335-8008-4b3af3dd4cc7/wd/runTaskLetTask_error.json doesn't exist
2021/01/12 13:41:19 Failed to run the wrapper cmd with err: exit status 2
2021/01/12 13:41:19 Attempt 1 of http call to http://10.0.0.7:16384/sendlogstoartifacts/status
2021/01/12 13:41:19 mpirun version string: {
Intel(R) MPI Library for Linux* OS, Version 2018 Update 3 Build 20180411 (id: 18329)
Copyright 2003-2018 Intel Corporation.
}
2021/01/12 13:41:19 MPI publisher: intel ; version: 2018
2021/01/12 13:41:19 Process Exiting with Code:  2
